<?xml version="1.0" encoding="UTF-8"?>
<testsuite name="com.kodilla.ecommercee.SpringBootJPAIntegrationTest" tests="1" skipped="0" failures="0" errors="0" timestamp="2019-06-17T14:43:45" hostname="Pekala-Marcin-Mateusz.local" time="0.265">
  <properties/>
  <testcase name="givenGenericEntityRepository_whenSaveAndRetreiveEntity_thenOK" classname="com.kodilla.ecommercee.SpringBootJPAIntegrationTest" time="0.265"/>
  <system-out><![CDATA[2019-06-17 16:43:45.829  INFO 67145 --- [    Test worker] .b.t.c.SpringBootTestContextBootstrapper : Neither @ContextConfiguration nor @ContextHierarchy found for test class [com.kodilla.ecommercee.SpringBootJPAIntegrationTest], using SpringBootContextLoader
2019-06-17 16:43:45.831  INFO 67145 --- [    Test worker] o.s.t.c.support.AbstractContextLoader    : Could not detect default resource locations for test class [com.kodilla.ecommercee.SpringBootJPAIntegrationTest]: no resource found for suffixes {-context.xml, Context.groovy}.
2019-06-17 16:43:45.833  INFO 67145 --- [    Test worker] t.c.s.AnnotationConfigContextLoaderUtils : Could not detect default configuration classes for test class [com.kodilla.ecommercee.SpringBootJPAIntegrationTest]: SpringBootJPAIntegrationTest does not declare any static, non-private, non-final, nested classes annotated with @Configuration.
2019-06-17 16:43:45.835  INFO 67145 --- [    Test worker] .b.t.c.SpringBootTestContextBootstrapper : Found @SpringBootConfiguration com.kodilla.ecommercee.EcommerceeApplication for test class com.kodilla.ecommercee.SpringBootJPAIntegrationTest
2019-06-17 16:43:45.836  INFO 67145 --- [    Test worker] .b.t.c.SpringBootTestContextBootstrapper : Loaded default TestExecutionListener class names from location [META-INF/spring.factories]: [org.springframework.boot.test.autoconfigure.restdocs.RestDocsTestExecutionListener, org.springframework.boot.test.autoconfigure.web.client.MockRestServiceServerResetTestExecutionListener, org.springframework.boot.test.autoconfigure.web.servlet.MockMvcPrintOnlyOnFailureTestExecutionListener, org.springframework.boot.test.autoconfigure.web.servlet.WebDriverTestExecutionListener, org.springframework.boot.test.mock.mockito.MockitoTestExecutionListener, org.springframework.boot.test.mock.mockito.ResetMocksTestExecutionListener, org.springframework.test.context.web.ServletTestExecutionListener, org.springframework.test.context.support.DirtiesContextBeforeModesTestExecutionListener, org.springframework.test.context.support.DependencyInjectionTestExecutionListener, org.springframework.test.context.support.DirtiesContextTestExecutionListener, org.springframework.test.context.transaction.TransactionalTestExecutionListener, org.springframework.test.context.jdbc.SqlScriptsTestExecutionListener]
2019-06-17 16:43:45.837  INFO 67145 --- [    Test worker] .b.t.c.SpringBootTestContextBootstrapper : Using TestExecutionListeners: [org.springframework.test.context.web.ServletTestExecutionListener@484f59c0, org.springframework.test.context.support.DirtiesContextBeforeModesTestExecutionListener@2dbca7d0, org.springframework.boot.test.mock.mockito.MockitoTestExecutionListener@737f2078, org.springframework.boot.test.autoconfigure.SpringBootDependencyInjectionTestExecutionListener@30e013ec, org.springframework.test.context.support.DirtiesContextTestExecutionListener@2d3cd69, org.springframework.test.context.transaction.TransactionalTestExecutionListener@4a1978c4, org.springframework.test.context.jdbc.SqlScriptsTestExecutionListener@40effd1f, org.springframework.boot.test.autoconfigure.restdocs.RestDocsTestExecutionListener@70a0f99d, org.springframework.boot.test.autoconfigure.web.client.MockRestServiceServerResetTestExecutionListener@6c04ca65, org.springframework.boot.test.autoconfigure.web.servlet.MockMvcPrintOnlyOnFailureTestExecutionListener@6dda4079, org.springframework.boot.test.autoconfigure.web.servlet.WebDriverTestExecutionListener@52e24fd8, org.springframework.boot.test.mock.mockito.ResetMocksTestExecutionListener@25f93808]
]]></system-out>
  <system-err><![CDATA[]]></system-err>
</testsuite>
