<?xml version="1.0" encoding="UTF-8"?>
<testsuite name="com.kodilla.ecommercee.EcommerceeApplicationTests" tests="1" skipped="0" failures="0" errors="0" timestamp="2019-06-17T14:43:45" hostname="Pekala-Marcin-Mateusz.local" time="0.075">
  <properties/>
  <testcase name="contextLoads" classname="com.kodilla.ecommercee.EcommerceeApplicationTests" time="0.075"/>
  <system-out><![CDATA[16:43:36.644 [Test worker] DEBUG org.springframework.test.context.junit4.SpringJUnit4ClassRunner - SpringJUnit4ClassRunner constructor called with [class com.kodilla.ecommercee.EcommerceeApplicationTests]
16:43:36.654 [Test worker] DEBUG org.springframework.test.context.BootstrapUtils - Instantiating CacheAwareContextLoaderDelegate from class [org.springframework.test.context.cache.DefaultCacheAwareContextLoaderDelegate]
16:43:36.664 [Test worker] DEBUG org.springframework.test.context.BootstrapUtils - Instantiating BootstrapContext using constructor [public org.springframework.test.context.support.DefaultBootstrapContext(java.lang.Class,org.springframework.test.context.CacheAwareContextLoaderDelegate)]
16:43:36.686 [Test worker] DEBUG org.springframework.test.context.BootstrapUtils - Instantiating TestContextBootstrapper for test class [com.kodilla.ecommercee.EcommerceeApplicationTests] from class [org.springframework.boot.test.context.SpringBootTestContextBootstrapper]
16:43:36.708 [Test worker] INFO org.springframework.boot.test.context.SpringBootTestContextBootstrapper - Neither @ContextConfiguration nor @ContextHierarchy found for test class [com.kodilla.ecommercee.EcommerceeApplicationTests], using SpringBootContextLoader
16:43:36.716 [Test worker] DEBUG org.springframework.test.context.support.AbstractContextLoader - Did not detect default resource location for test class [com.kodilla.ecommercee.EcommerceeApplicationTests]: class path resource [com/kodilla/ecommercee/EcommerceeApplicationTests-context.xml] does not exist
16:43:36.720 [Test worker] DEBUG org.springframework.test.context.support.AbstractContextLoader - Did not detect default resource location for test class [com.kodilla.ecommercee.EcommerceeApplicationTests]: class path resource [com/kodilla/ecommercee/EcommerceeApplicationTestsContext.groovy] does not exist
16:43:36.723 [Test worker] INFO org.springframework.test.context.support.AbstractContextLoader - Could not detect default resource locations for test class [com.kodilla.ecommercee.EcommerceeApplicationTests]: no resource found for suffixes {-context.xml, Context.groovy}.
16:43:36.725 [Test worker] INFO org.springframework.test.context.support.AnnotationConfigContextLoaderUtils - Could not detect default configuration classes for test class [com.kodilla.ecommercee.EcommerceeApplicationTests]: EcommerceeApplicationTests does not declare any static, non-private, non-final, nested classes annotated with @Configuration.
16:43:36.847 [Test worker] DEBUG org.springframework.test.context.support.ActiveProfilesUtils - Could not find an 'annotation declaring class' for annotation type [org.springframework.test.context.ActiveProfiles] and class [com.kodilla.ecommercee.EcommerceeApplicationTests]
16:43:36.951 [Test worker] DEBUG org.springframework.context.annotation.ClassPathScanningCandidateComponentProvider - Identified candidate component class: file [/Users/marcin/Documents/Development/Projects/project_jdp_1905_01/build/classes/java/main/com/kodilla/ecommercee/EcommerceeApplication.class]
16:43:36.956 [Test worker] INFO org.springframework.boot.test.context.SpringBootTestContextBootstrapper - Found @SpringBootConfiguration com.kodilla.ecommercee.EcommerceeApplication for test class com.kodilla.ecommercee.EcommerceeApplicationTests
16:43:37.099 [Test worker] DEBUG org.springframework.boot.test.context.SpringBootTestContextBootstrapper - @TestExecutionListeners is not present for class [com.kodilla.ecommercee.EcommerceeApplicationTests]: using defaults.
16:43:37.101 [Test worker] INFO org.springframework.boot.test.context.SpringBootTestContextBootstrapper - Loaded default TestExecutionListener class names from location [META-INF/spring.factories]: [org.springframework.boot.test.autoconfigure.restdocs.RestDocsTestExecutionListener, org.springframework.boot.test.autoconfigure.web.client.MockRestServiceServerResetTestExecutionListener, org.springframework.boot.test.autoconfigure.web.servlet.MockMvcPrintOnlyOnFailureTestExecutionListener, org.springframework.boot.test.autoconfigure.web.servlet.WebDriverTestExecutionListener, org.springframework.boot.test.mock.mockito.MockitoTestExecutionListener, org.springframework.boot.test.mock.mockito.ResetMocksTestExecutionListener, org.springframework.test.context.web.ServletTestExecutionListener, org.springframework.test.context.support.DirtiesContextBeforeModesTestExecutionListener, org.springframework.test.context.support.DependencyInjectionTestExecutionListener, org.springframework.test.context.support.DirtiesContextTestExecutionListener, org.springframework.test.context.transaction.TransactionalTestExecutionListener, org.springframework.test.context.jdbc.SqlScriptsTestExecutionListener]
16:43:37.151 [Test worker] INFO org.springframework.boot.test.context.SpringBootTestContextBootstrapper - Using TestExecutionListeners: [org.springframework.test.context.web.ServletTestExecutionListener@7f06302e, org.springframework.test.context.support.DirtiesContextBeforeModesTestExecutionListener@468adbf6, org.springframework.boot.test.mock.mockito.MockitoTestExecutionListener@6e23c487, org.springframework.boot.test.autoconfigure.SpringBootDependencyInjectionTestExecutionListener@4de182f5, org.springframework.test.context.support.DirtiesContextTestExecutionListener@3285c27, org.springframework.test.context.transaction.TransactionalTestExecutionListener@13ed72df, org.springframework.test.context.jdbc.SqlScriptsTestExecutionListener@639a8bd9, org.springframework.boot.test.autoconfigure.restdocs.RestDocsTestExecutionListener@22ad5b75, org.springframework.boot.test.autoconfigure.web.client.MockRestServiceServerResetTestExecutionListener@63a5e263, org.springframework.boot.test.autoconfigure.web.servlet.MockMvcPrintOnlyOnFailureTestExecutionListener@1ba61f42, org.springframework.boot.test.autoconfigure.web.servlet.WebDriverTestExecutionListener@2cd59bac, org.springframework.boot.test.mock.mockito.ResetMocksTestExecutionListener@646b0bb0]
16:43:37.154 [Test worker] DEBUG org.springframework.test.annotation.ProfileValueUtils - Retrieved @ProfileValueSourceConfiguration [null] for test class [com.kodilla.ecommercee.EcommerceeApplicationTests]
16:43:37.155 [Test worker] DEBUG org.springframework.test.annotation.ProfileValueUtils - Retrieved ProfileValueSource type [class org.springframework.test.annotation.SystemProfileValueSource] for class [com.kodilla.ecommercee.EcommerceeApplicationTests]
16:43:37.157 [Test worker] DEBUG org.springframework.test.annotation.ProfileValueUtils - Retrieved @ProfileValueSourceConfiguration [null] for test class [com.kodilla.ecommercee.EcommerceeApplicationTests]
16:43:37.157 [Test worker] DEBUG org.springframework.test.annotation.ProfileValueUtils - Retrieved ProfileValueSource type [class org.springframework.test.annotation.SystemProfileValueSource] for class [com.kodilla.ecommercee.EcommerceeApplicationTests]
16:43:37.163 [Test worker] DEBUG org.springframework.test.context.support.AbstractDirtiesContextTestExecutionListener - Before test class: context [DefaultTestContext@1b638175 testClass = EcommerceeApplicationTests, testInstance = [null], testMethod = [null], testException = [null], mergedContextConfiguration = [WebMergedContextConfiguration@643905fc testClass = EcommerceeApplicationTests, locations = '{}', classes = '{class com.kodilla.ecommercee.EcommerceeApplication}', contextInitializerClasses = '[]', activeProfiles = '{}', propertySourceLocations = '{}', propertySourceProperties = '{org.springframework.boot.test.context.SpringBootTestContextBootstrapper=true}', contextCustomizers = set[org.springframework.boot.test.autoconfigure.properties.PropertyMappingContextCustomizer@0, org.springframework.boot.test.autoconfigure.web.servlet.WebDriverContextCustomizerFactory$Customizer@2df8a9f6, org.springframework.boot.test.context.filter.ExcludeFilterContextCustomizer@15d528eb, org.springframework.boot.test.json.DuplicateJsonObjectContextCustomizerFactory$DuplicateJsonObjectContextCustomizer@b1ff197, org.springframework.boot.test.mock.mockito.MockitoContextCustomizer@0, org.springframework.boot.test.web.client.TestRestTemplateContextCustomizer@7b6d4711], resourceBasePath = 'src/main/webapp', contextLoader = 'org.springframework.boot.test.context.SpringBootContextLoader', parent = [null]], attributes = map['org.springframework.test.context.web.ServletTestExecutionListener.activateListener' -> true]], class annotated with @DirtiesContext [false] with mode [null].
16:43:37.164 [Test worker] DEBUG org.springframework.test.annotation.ProfileValueUtils - Retrieved @ProfileValueSourceConfiguration [null] for test class [com.kodilla.ecommercee.EcommerceeApplicationTests]
16:43:37.164 [Test worker] DEBUG org.springframework.test.annotation.ProfileValueUtils - Retrieved ProfileValueSource type [class org.springframework.test.annotation.SystemProfileValueSource] for class [com.kodilla.ecommercee.EcommerceeApplicationTests]
16:43:37.193 [Test worker] DEBUG org.springframework.test.context.support.TestPropertySourceUtils - Adding inlined properties to environment: {spring.jmx.enabled=false, org.springframework.boot.test.context.SpringBootTestContextBootstrapper=true, server.port=-1}

  .   ____          _            __ _ _
 /\\ / ___'_ __ _ _(_)_ __  __ _ \ \ \ \
( ( )\___ | '_ | '_| | '_ \/ _` | \ \ \ \
 \\/  ___)| |_)| | | | | || (_| |  ) ) ) )
  '  |____| .__|_| |_|_| |_\__, | / / / /
 =========|_|==============|___/=/_/_/_/
 :: Spring Boot ::        (v2.1.1.RELEASE)

2019-06-17 16:43:37.828  INFO 67145 --- [    Test worker] c.k.e.EcommerceeApplicationTests         : Starting EcommerceeApplicationTests on Pekala-Marcin-Mateusz.local with PID 67145 (started by marcin in /Users/marcin/Documents/Development/Projects/project_jdp_1905_01)
2019-06-17 16:43:37.831  INFO 67145 --- [    Test worker] c.k.e.EcommerceeApplicationTests         : No active profile set, falling back to default profiles: default
2019-06-17 16:43:39.354  INFO 67145 --- [    Test worker] .s.d.r.c.RepositoryConfigurationDelegate : Bootstrapping Spring Data repositories in DEFAULT mode.
2019-06-17 16:43:39.534  INFO 67145 --- [    Test worker] .s.d.r.c.RepositoryConfigurationDelegate : Finished Spring Data repository scanning in 168ms. Found 6 repository interfaces.
2019-06-17 16:43:40.261  INFO 67145 --- [    Test worker] trationDelegate$BeanPostProcessorChecker : Bean 'org.springframework.transaction.annotation.ProxyTransactionManagementConfiguration' of type [org.springframework.transaction.annotation.ProxyTransactionManagementConfiguration$$EnhancerBySpringCGLIB$$9a9decc1] is not eligible for getting processed by all BeanPostProcessors (for example: not eligible for auto-proxying)
2019-06-17 16:43:40.597  INFO 67145 --- [    Test worker] com.zaxxer.hikari.HikariDataSource       : HikariPool-1 - Starting...
2019-06-17 16:43:40.936  INFO 67145 --- [    Test worker] com.zaxxer.hikari.HikariDataSource       : HikariPool-1 - Start completed.
2019-06-17 16:43:41.044  INFO 67145 --- [    Test worker] o.hibernate.jpa.internal.util.LogHelper  : HHH000204: Processing PersistenceUnitInfo [
	name: default
	...]
2019-06-17 16:43:41.150  INFO 67145 --- [    Test worker] org.hibernate.Version                    : HHH000412: Hibernate Core {5.3.7.Final}
2019-06-17 16:43:41.153  INFO 67145 --- [    Test worker] org.hibernate.cfg.Environment            : HHH000206: hibernate.properties not found
2019-06-17 16:43:41.340  INFO 67145 --- [    Test worker] o.hibernate.annotations.common.Version   : HCANN000001: Hibernate Commons Annotations {5.0.4.Final}
2019-06-17 16:43:41.515  INFO 67145 --- [    Test worker] org.hibernate.dialect.Dialect            : HHH000400: Using dialect: org.hibernate.dialect.H2Dialect
2019-06-17 16:43:42.610  INFO 67145 --- [    Test worker] o.h.t.schema.internal.SchemaCreatorImpl  : HHH000476: Executing import script 'org.hibernate.tool.schema.internal.exec.ScriptSourceInputNonExistentImpl@474fdd5e'
2019-06-17 16:43:42.614  INFO 67145 --- [    Test worker] j.LocalContainerEntityManagerFactoryBean : Initialized JPA EntityManagerFactory for persistence unit 'default'
2019-06-17 16:43:45.111  INFO 67145 --- [    Test worker] o.s.s.concurrent.ThreadPoolTaskExecutor  : Initializing ExecutorService 'applicationTaskExecutor'
2019-06-17 16:43:45.192  WARN 67145 --- [    Test worker] aWebConfiguration$JpaWebMvcConfiguration : spring.jpa.open-in-view is enabled by default. Therefore, database queries may be performed during view rendering. Explicitly configure spring.jpa.open-in-view to disable this warning
2019-06-17 16:43:45.726  INFO 67145 --- [    Test worker] c.k.e.EcommerceeApplicationTests         : Started EcommerceeApplicationTests in 8.516 seconds (JVM running for 10.074)
]]></system-out>
  <system-err><![CDATA[]]></system-err>
</testsuite>
