<?xml version="1.0" encoding="UTF-8"?>
<testsuite name="com.kodilla.ecommercee.repositoryDao.GroupRepositoryTestSuit" tests="3" skipped="0" failures="0" errors="0" timestamp="2019-06-17T14:43:46" hostname="Pekala-Marcin-Mateusz.local" time="0.069">
  <properties/>
  <testcase name="testGroupDaoOneToManyWithProduct" classname="com.kodilla.ecommercee.repositoryDao.GroupRepositoryTestSuit" time="0.015"/>
  <testcase name="testGroupDaoSaveAndFindById" classname="com.kodilla.ecommercee.repositoryDao.GroupRepositoryTestSuit" time="0.026"/>
  <testcase name="testGroupDaoSaveAndFindAll" classname="com.kodilla.ecommercee.repositoryDao.GroupRepositoryTestSuit" time="0.027"/>
  <system-out><![CDATA[2019-06-17 16:43:46.909  INFO 67145 --- [    Test worker] .b.t.c.SpringBootTestContextBootstrapper : Neither @ContextConfiguration nor @ContextHierarchy found for test class [com.kodilla.ecommercee.repositoryDao.GroupRepositoryTestSuit], using SpringBootContextLoader
2019-06-17 16:43:46.912  INFO 67145 --- [    Test worker] o.s.t.c.support.AbstractContextLoader    : Could not detect default resource locations for test class [com.kodilla.ecommercee.repositoryDao.GroupRepositoryTestSuit]: no resource found for suffixes {-context.xml, Context.groovy}.
2019-06-17 16:43:46.912  INFO 67145 --- [    Test worker] t.c.s.AnnotationConfigContextLoaderUtils : Could not detect default configuration classes for test class [com.kodilla.ecommercee.repositoryDao.GroupRepositoryTestSuit]: GroupRepositoryTestSuit does not declare any static, non-private, non-final, nested classes annotated with @Configuration.
2019-06-17 16:43:46.914  INFO 67145 --- [    Test worker] .b.t.c.SpringBootTestContextBootstrapper : Found @SpringBootConfiguration com.kodilla.ecommercee.EcommerceeApplication for test class com.kodilla.ecommercee.repositoryDao.GroupRepositoryTestSuit
2019-06-17 16:43:46.917  INFO 67145 --- [    Test worker] .b.t.c.SpringBootTestContextBootstrapper : Loaded default TestExecutionListener class names from location [META-INF/spring.factories]: [org.springframework.boot.test.autoconfigure.restdocs.RestDocsTestExecutionListener, org.springframework.boot.test.autoconfigure.web.client.MockRestServiceServerResetTestExecutionListener, org.springframework.boot.test.autoconfigure.web.servlet.MockMvcPrintOnlyOnFailureTestExecutionListener, org.springframework.boot.test.autoconfigure.web.servlet.WebDriverTestExecutionListener, org.springframework.boot.test.mock.mockito.MockitoTestExecutionListener, org.springframework.boot.test.mock.mockito.ResetMocksTestExecutionListener, org.springframework.test.context.web.ServletTestExecutionListener, org.springframework.test.context.support.DirtiesContextBeforeModesTestExecutionListener, org.springframework.test.context.support.DependencyInjectionTestExecutionListener, org.springframework.test.context.support.DirtiesContextTestExecutionListener, org.springframework.test.context.transaction.TransactionalTestExecutionListener, org.springframework.test.context.jdbc.SqlScriptsTestExecutionListener]
2019-06-17 16:43:46.918  INFO 67145 --- [    Test worker] .b.t.c.SpringBootTestContextBootstrapper : Using TestExecutionListeners: [org.springframework.test.context.web.ServletTestExecutionListener@55fac684, org.springframework.test.context.support.DirtiesContextBeforeModesTestExecutionListener@26ea249b, org.springframework.boot.test.mock.mockito.MockitoTestExecutionListener@192ea4b5, org.springframework.boot.test.autoconfigure.SpringBootDependencyInjectionTestExecutionListener@14e46217, org.springframework.test.context.support.DirtiesContextTestExecutionListener@17a958e9, org.springframework.test.context.transaction.TransactionalTestExecutionListener@6090687b, org.springframework.test.context.jdbc.SqlScriptsTestExecutionListener@c7773d0, org.springframework.boot.test.autoconfigure.restdocs.RestDocsTestExecutionListener@3b345c93, org.springframework.boot.test.autoconfigure.web.client.MockRestServiceServerResetTestExecutionListener@6607350c, org.springframework.boot.test.autoconfigure.web.servlet.MockMvcPrintOnlyOnFailureTestExecutionListener@5b74a07, org.springframework.boot.test.autoconfigure.web.servlet.WebDriverTestExecutionListener@32e94092, org.springframework.boot.test.mock.mockito.ResetMocksTestExecutionListener@2b205298]
]]></system-out>
  <system-err><![CDATA[]]></system-err>
</testsuite>
